<?xml version="1.0" encoding="UTF-8"?>
<!-- Generated by org.testng.reporters.JUnitReportReporter -->
<testsuite hostname="Admin-PC" name="Testingprograms.calculatorApp2" tests="2" failures="0" timestamp="23 Jun 2019 11:59:55 GMT" time="0.021" errors="0">
  <testcase name="mul" time="0.018" classname="Testingprograms.calculatorApp2"/>
  <testcase name="sum" time="0.003" classname="Testingprograms.calculatorApp2"/>
</testsuite> <!-- Testingprograms.calculatorApp2 -->
