<?xml version="1.0" encoding="UTF-8"?>
<!-- Generated by org.testng.reporters.JUnitReportReporter -->
<testsuite hostname="Admin-PC" name="Testingprograms.calculatorApp2" tests="2" failures="0" timestamp="23 Jun 2019 10:44:51 GMT" time="0.020" errors="0">
  <testcase name="mul" time="0.015" classname="Testingprograms.calculatorApp2"/>
  <testcase name="sum" time="0.005" classname="Testingprograms.calculatorApp2"/>
</testsuite> <!-- Testingprograms.calculatorApp2 -->
